monitoring started
read settings; number of rooms=8
switching to  "main bedroom": room 0
setting temperature 17.5
switching to  "gust": room 2
setting temperature 17.5
switching to  "agata's": room 3
setting temperature 17.5
switching to  "office": room 7
setting temperature 14.0
last_observation= 2019-02-03 19:26, 1, niebo niewidoczne: niewielki deszcz,  , 20.0, 22.5, 22.0, 20.5, 20.5, 21.0, 21.5, 16.5,  , 18.0->17.5, 19.0, 18.0->17.5, 18.0->17.5, 17.5, 18.0, 18.0, 14.5->14.0,  , True, True, True, True, True, True, True, True,  , Comf, Comf, Auto, Comf, Auto, Comf, Comf, Econ
 * Running on http://0.0.0.0:8090/ (Press CTRL+C to quit)
read settings; number of rooms=8
last_observation= 2019-02-03 19:31, 1, niebo niewidoczne: niewielki deszcz,  , 20.0, 22.5, 21.5, 20.5, 20.5, 21.0, 21.5, 16.5,  , 17.5, 19.0, 17.5, 17.5, 17.5, 18.0, 18.0, 14.0,  , True, True, True, True, True, True, True, True,  , Comf, Comf, Auto, Comf, Auto, Comf, Comf, Econ
read settings; number of rooms=8
last_observation= 2019-02-03 19:36, 1, niebo niewidoczne: niewielki deszcz,  , 20.0, ffline, 21.5, 20.5, 20.5, 21.0, 21.5, 16.5,  , 17.5, 19.0, 17.5, 17.5, 17.5, 18.0, 18.0, 14.0,  , True, True, True, True, True, True, True, True,  , Comf, Comf, Auto, Comf, Auto, Comf, Comf, Econ
read settings; number of rooms=8
last_observation= 2019-02-03 19:41, 1, niebo niewidoczne: niewielki deszcz,  , 20.0, 22.0, 21.5, 20.5, 20.5, 21.0, 21.5, 16.5,  , 17.5, 19.0, 17.5, 17.5, 17.5, 18.0, 18.0, 14.0,  , True, True, True, True, True, True, True, True,  , Comf, Comf, Auto, Comf, Auto, Comf, Comf, Econ
read settings; number of rooms=8
last_observation= 2019-02-03 19:46, 1, niebo niewidoczne: niewielki deszcz,  , 20.0, 22.0, 21.5, 20.5, 20.5, 21.0, 21.5, 16.5,  , 17.5, 19.0, 17.5, 17.5, 17.5, 18.0, 18.0, 14.0,  , True, True, True, True, True, True, True, True,  , Comf, Comf, Auto, Comf, Auto, Comf, Comf, Econ
read settings; number of rooms=8
last_observation= 2019-02-03 19:52, 1, niebo niewidoczne: niewielki deszcz,  , 20.0, 22.0, 21.5, 20.5, 20.5, 21.0, 21.5, 16.5,  , 17.5, 19.0, 17.5, 17.5, 17.5, 18.0, 18.0, 14.0,  , True, True, True, True, True, True, True, True,  , Comf, Comf, Auto, Comf, Auto, Comf, Comf, Econ
read settings; number of rooms=8
last_observation= 2019-02-03 19:57, 1, niebo niewidoczne: niewielki deszcz,  , 20.0, 22.0, 21.5, 20.5, 20.5, 21.0, 21.5, 16.5,  , 17.5, 19.0, 17.5, 17.5, 17.5, 18.0, 18.0, 14.0,  , True, True, True, True, True, True, True, True,  , Comf, Comf, Auto, Comf, Auto, Comf, Comf, Econ
read settings; number of rooms=8
last_observation= 2019-02-03 20:02, 1, niebo niewidoczne: niewielki deszcz,  , 20.0, 22.0, 21.5, 20.5, 20.5, 21.0, 21.5, 16.5,  , 17.5, 19.0, 17.5, 17.5, 17.5, 18.0, 18.0, 14.0,  , True, True, True, True, True, True, True, True,  , Comf, Comf, Auto, Comf, Auto, Comf, Comf, Econ
5.173.57.237 - - [03/Feb/2019 20:04:14] "GET /favicon.ico HTTP/1.1" 404 -
/api/last
returning 2019-02-03 20:02, 1, niebo niewidoczne: niewielki deszcz,  , 20.0, 22.0, 21.5, 20.5, 20.5, 21.0, 21.5, 16.5,  , 17.5, 19.0, 17.5, 17.5, 17.5, 18.0, 18.0, 14.0,  , True, True, True, True, True, True, True, True,  , Comf, Comf, Auto, Comf, Auto, Comf, Comf, Econ
5.173.57.237 - - [03/Feb/2019 20:04:14] "GET /api/last HTTP/1.1" 200 -
read settings; number of rooms=8
last_observation= 2019-02-03 20:07, 1, niebo niewidoczne: niewielki deszcz,  , 20.0, 22.0, 21.5, 20.5, 20.5, 21.0, 21.5, 16.5,  , 17.5, 19.0, 17.5, 17.5, 17.5, 18.0, 18.0, 14.0,  , True, True, True, True, True, True, True, True,  , Comf, Comf, Auto, Comf, Auto, Comf, Comf, Econ
read settings; number of rooms=8
last_observation= 2019-02-03 20:12, 1, niebo niewidoczne: niewielki deszcz,  , 20.0, 22.0, 21.5, 20.5, 20.5, 21.0, 21.5, 16.5,  , 17.5, 19.0, 17.5, 17.5, 17.5, 18.0, 18.0, 14.0,  , True, True, True, True, True, True, True, True,  , Comf, Comf, Auto, Comf, Auto, Comf, Comf, Econ
read settings; number of rooms=8
last_observation= 2019-02-03 20:17, 1, niebo niewidoczne: niewielki deszcz,  , 20.0, 22.0, 21.5, 20.5, 20.5, 21.0, 21.5, 16.5,  , 17.5, 19.0, 17.5, 17.5, 17.5, 18.0, 18.0, 14.0,  , True, True, True, True, True, True, True, True,  , Comf, Comf, Auto, Comf, Auto, Comf, Comf, Econ
read settings; number of rooms=8
last_observation= 2019-02-03 20:22, 1, niebo niewidoczne: niewielki deszcz,  , 20.0, 22.0, 21.5, 20.5, 20.5, 21.0, 21.5, 16.5,  , 17.5, 19.0, 17.5, 17.5, 17.5, 18.0, 18.0, 14.0,  , True, True, True, True, True, True, True, True,  , Comf, Comf, Auto, Comf, Auto, Comf, Comf, Econ
read settings; number of rooms=8
last_observation= 2019-02-03 20:27, 1, niebo niewidoczne: niewielki deszcz,  , 20.0, 22.0, 21.5, 20.5, 20.5, 21.0, 21.5, 16.5,  , 17.5, 19.0, 17.5, 17.5, 17.5, 18.0, 18.0, 14.0,  , True, True, True, True, True, True, True, True,  , Comf, Comf, Auto, Comf, Auto, Comf, Comf, Econ
read settings; number of rooms=8
last_observation= 2019-02-03 20:32, 1, niebo niewidoczne: niewielki deszcz,  , 20.0, 22.0, 21.5, 20.5, 20.5, 21.0, 21.5, 16.5,  , 17.5, 19.0, 17.5, 17.5, 17.5, 18.0, 18.0, 14.0,  , True, True, True, True, True, True, True, True,  , Comf, Comf, Auto, Comf, Auto, Comf, Comf, Econ
read settings; number of rooms=8
last_observation= 2019-02-03 20:38, 1, niebo niewidoczne: niewielki deszcz,  , 20.0, 22.0, 21.5, 20.5, 20.5, 21.0, 21.5, 16.5,  , 17.5, 19.0, 17.5, 17.5, 17.5, 18.0, 18.0, 14.0,  , True, True, True, True, True, True, True, True,  , Comf, Comf, Auto, Comf, Auto, Comf, Comf, Econ
read settings; number of rooms=8
last_observation= 2019-02-03 20:43, 1, niebo niewidoczne: niewielki deszcz,  , 20.0, 22.0, 21.5, 20.5, 20.5, 21.0, 21.5, 16.5,  , 17.5, 19.0, 17.5, 17.5, 17.5, 18.0, 18.0, 14.0,  , True, True, True, True, True, True, True, True,  , Comf, Comf, Auto, Comf, Auto, Comf, Comf, Econ
read settings; number of rooms=8
last_observation= 2019-02-03 20:48, 1, niebo niewidoczne: niewielki deszcz,  , 20.0, 22.0, 21.5, 20.5, 20.5, 21.0, 21.5, 16.5,  , 17.5, 19.0, 17.5, 17.5, 17.5, 18.0, 18.0, 14.0,  , True, True, True, True, True, True, True, True,  , Comf, Comf, Auto, Comf, Auto, Comf, Comf, Econ
read settings; number of rooms=8
last_observation= 2019-02-03 20:53, 1, niebo niewidoczne: niewielki deszcz,  , 20.0, 22.0, 21.5, 20.5, 20.5, 21.0, 21.5, 16.5,  , 17.5, 19.0, 17.5, 17.5, 17.5, 18.0, 18.0, 14.0,  , True, True, True, True, True, True, True, True,  , Comf, Comf, Auto, Comf, Auto, Comf, Comf, Econ
read settings; number of rooms=8
last_observation= 2019-02-03 20:58, 1, niebo niewidoczne: niewielki deszcz,  , 20.0, 22.0, 21.5, 20.5, 20.5, 21.0, 21.5, 16.5,  , 17.5, 19.0, 17.5, 17.5, 17.5, 18.0, 18.0, 14.0,  , True, True, True, True, True, True, True, True,  , Comf, Comf, Auto, Comf, Auto, Comf, Comf, Econ
read settings; number of rooms=8
last_observation= 2019-02-03 21:03, 1, niebo niewidoczne: niewielki deszcz,  , 20.0, 22.0, 21.5, 20.5, 20.5, 21.0, 21.5, 16.5,  , 17.5, 19.0, 17.5, 17.5, 17.5, 18.0, 18.0, 14.0,  , True, True, True, True, True, True, True, True,  , Comf, Comf, Auto, Comf, Auto, Comf, Comf, Econ
read settings; number of rooms=8
last_observation= 2019-02-03 21:08, 1, niebo niewidoczne: niewielki deszcz,  , 20.0, 22.0, 21.5, 20.5, 20.5, 21.0, 21.5, 16.5,  , 17.5, 19.0, 17.5, 17.5, 17.5, 18.0, 18.0, 14.0,  , True, True, True, True, True, True, True, True,  , Comf, Comf, Auto, Comf, Auto, Comf, Comf, Econ
read settings; number of rooms=8
last_observation= 2019-02-03 21:13, 1, niebo niewidoczne: niewielki deszcz,  , 20.0, 22.0, 21.5, 20.0, 20.5, 21.0, 21.5, 16.5,  , 17.5, 19.0, 17.5, 17.5, 17.5, 18.0, 18.0, 14.0,  , True, True, True, True, True, True, True, True,  , Comf, Comf, Auto, Comf, Auto, Comf, Comf, Econ
read settings; number of rooms=8
last_observation= 2019-02-03 21:18, 1, niebo niewidoczne: niewielki deszcz,  , 20.0, 22.0, 21.5, 20.0, 20.5, 21.0, 21.5, 16.5,  , 17.5, 19.0, 17.5, 17.5, 17.5, 18.0, 18.0, 14.0,  , True, True, True, True, True, True, True, True,  , Comf, Comf, Auto, Comf, Auto, Comf, Comf, Econ
read settings; number of rooms=8
last_observation= 2019-02-03 21:23, 1, niebo niewidoczne: niewielki deszcz,  , 20.0, 22.0, 21.5, 20.0, 20.5, 21.0, 21.5, 16.5,  , 17.5, 19.0, 17.5, 17.5, 17.5, 18.0, 18.0, 14.0,  , True, True, True, True, True, True, True, True,  , Comf, Comf, Auto, Comf, Auto, Comf, Comf, Econ
read settings; number of rooms=8
last_observation= 2019-02-03 21:28, 1, niebo niewidoczne: niewielki deszcz,  , 20.0, 21.5, 21.5, 20.0, 20.5, 21.0, 21.0, 16.5,  , 17.5, 19.0, 17.5, 17.5, 17.5, 18.0, 18.0, 14.0,  , True, True, True, True, True, True, True, True,  , Comf, Comf, Auto, Comf, Auto, Comf, Comf, Econ
read settings; number of rooms=8
last_observation= 2019-02-03 21:34, 1, niebo niewidoczne: niewielki deszcz,  , 20.0, 22.0, 21.5, 20.0, 20.5, 21.0, 21.0, 16.5,  , 17.5, 19.0, 17.5, 17.5, 17.5, 18.0, 18.0, 14.0,  , True, True, True, True, True, True, True, True,  , Comf, Comf, Auto, Comf, Auto, Comf, Comf, Econ
read settings; number of rooms=8
last_observation= 2019-02-03 21:39, 1, niebo niewidoczne: niewielki deszcz,  , 20.0, 22.5, 21.5, 20.0, 20.5, 21.0, 21.0, 16.5,  , 17.5, 19.0, 17.5, 17.5, 17.5, 18.0, 18.0, 14.0,  , True, True, True, True, True, True, True, True,  , Comf, Comf, Auto, Comf, Auto, Comf, Comf, Econ
read settings; number of rooms=8
last_observation= 2019-02-03 21:44, 1, niebo niewidoczne: niewielki deszcz,  , 20.0, 23.0, 21.5, 20.0, 20.5, 21.0, 21.0, 16.5,  , 17.5, 19.0, 17.5, 17.5, 17.5, 18.0, 18.0, 14.0,  , True, True, True, True, True, True, True, True,  , Comf, Comf, Auto, Comf, Auto, Comf, Comf, Econ
read settings; number of rooms=8
last_observation= 2019-02-03 21:49, 1, niebo niewidoczne: niewielki deszcz,  , 20.0, 23.5, 21.5, 20.0, 20.5, 21.0, 21.0, 16.5,  , 17.5, 19.0, 17.5, 17.5, 17.5, 18.0, 18.0, 14.0,  , True, True, True, True, True, True, True, True,  , Comf, Comf, Auto, Comf, Auto, Comf, Comf, Econ
read settings; number of rooms=8
switching to  "gust": room 2
setting temperature 17.5
last_observation= 2019-02-03 21:54, 1, niebo niewidoczne: niewielki deszcz,  , 20.0, 24.0, 21.5, 20.0, 20.5, 21.0, 21.0, 16.5,  , 17.5, 19.0, 22.5->17.5, 17.5, 17.5, 18.0, 18.0, 14.0,  , True, True, True, True, True, True, True, True,  , Comf, Comf, Auto, Comf, Auto, Comf, Comf, Econ
read settings; number of rooms=8
switching to  "leo's'": room 4
setting temperature 17.5
last_observation= 2019-02-03 21:59, 1, niebo niewidoczne: niewielki deszcz,  , 20.0, 23.5, 21.5, 20.0, 20.5, 21.0, 21.0, 16.5,  , 17.5, 19.0, 17.5, 17.5, 22.0->17.5, 18.0, 18.0, 14.0,  , True, True, True, True, True, True, True, True,  , Comf, Comf, Auto, Comf, Auto, Comf, Comf, Econ
read settings; number of rooms=8
switching to  "main bedroom": room 0
setting temperature 18.0
switching to  "bathroom": room 1
setting temperature 25.0
switching to  "gust": room 2
setting temperature 19.0
switching to  "agata's": room 3
setting temperature 18.0
switching to  "leo's'": room 4
setting temperature 18.0
switching to  "living room": room 5
setting temperature 21.0
switching to  "kitchen": room 6
setting temperature 21.0
switching to  "office": room 7
setting temperature 17.0
last_observation= 2019-02-03 22:04, 1, niebo niewidoczne: niewielki deszcz,  , 20.0, 23.5, 21.5, 20.0, 20.5, 21.0, 21.0, 16.5,  , 17.5->18.0, 19.0->25.0, 17.5->19.0, 17.5->18.0, 17.5->18.0, 18.0->21.0, 18.0->21.0, 14.0->17.0,  , True, True, True, True, True, True, True, True,  , Comf, Comf, Auto, Comf, Auto, Comf, Comf, Econ
read settings; number of rooms=8
last_observation= 2019-02-03 22:09, 1, niebo niewidoczne: niewielki deszcz,  , 20.0, 23.5, 21.5, 20.0, 20.5, 21.0, 21.0, 16.5,  , 18.0, 25.0, 19.0, 18.0, 18.0, 21.0, 21.0, 17.0,  , True, True, True, True, True, True, True, True,  , Comf, Comf, Auto, Comf, Auto, Comf, Comf, Econ
read settings; number of rooms=8
last_observation= 2019-02-03 22:15, 1, niebo niewidoczne: niewielki deszcz,  , 20.0, 23.5, 21.5, 20.0, 20.5, 21.0, 21.0, 16.5,  , 18.0, 25.0, 19.0, 18.0, 18.0, 21.0, 21.0, 17.0,  , True, True, True, True, True, True, True, True,  , Comf, Comf, Auto, Comf, Auto, Comf, Comf, Econ
read settings; number of rooms=8
last_observation= 2019-02-03 22:20, 1, niebo niewidoczne: niewielki deszcz,  , 20.0, 23.5, 21.5, 20.0, 20.5, 21.0, 21.0, 16.5,  , 18.0, 25.0, 19.0, 18.0, 18.0, 21.0, 21.0, 17.0,  , True, True, True, True, True, True, True, True,  , Comf, Comf, Auto, Comf, Auto, Comf, Comf, Econ
read settings; number of rooms=8
last_observation= 2019-02-03 22:25, 1, niebo niewidoczne: niewielki deszcz,  , 20.0, 23.5, 21.5, 20.0, 20.5, 21.0, 21.0, 16.5,  , 18.0, 25.0, 19.0, 18.0, 18.0, 21.0, 21.0, 17.0,  , True, True, True, True, True, True, True, True,  , Comf, Comf, Auto, Comf, Auto, Comf, Comf, Econ
read settings; number of rooms=8
last_observation= 2019-02-03 22:30, 1, niebo niewidoczne: niewielki deszcz,  , 20.0, 23.0, 21.5, 20.0, 20.5, 21.0, 21.0, 16.5,  , 18.0, 25.0, 19.0, 18.0, 18.0, 21.0, 21.0, 17.0,  , True, True, True, True, True, True, True, True,  , Comf, Comf, Auto, Comf, Auto, Comf, Comf, Econ
read settings; number of rooms=8
last_observation= 2019-02-03 22:35, 1, niebo niewidoczne: niewielki deszcz,  , 20.0, 23.0, 21.5, 20.0, 20.5, 21.0, 21.0, 16.5,  , 18.0, 25.0, 19.0, 18.0, 18.0, 21.0, 21.0, 17.0,  , True, True, True, True, True, True, True, True,  , Comf, Comf, Auto, Comf, Auto, Comf, Comf, Econ
read settings; number of rooms=8
last_observation= 2019-02-03 22:40, 1, niebo niewidoczne: niewielki deszcz,  , 20.0, 23.5, 21.5, 20.0, 20.5, 21.0, 21.0, 16.5,  , 18.0, 25.0, 19.0, 18.0, 18.0, 21.0, 21.0, 17.0,  , True, True, True, True, True, True, True, True,  , Comf, Comf, Auto, Comf, Auto, Comf, Comf, Econ
read settings; number of rooms=8
last_observation= 2019-02-03 22:45, 1, niebo niewidoczne: niewielki deszcz,  , 20.0, 23.5, 21.5, 20.0, 20.5, 20.5, 21.0, 16.5,  , 18.0, 25.0, 19.0, 18.0, 18.0, 21.0, 21.0, 17.0,  , True, True, True, True, True, True, True, True,  , Comf, Comf, Auto, Comf, Auto, Comf, Comf, Econ
/api/last
returning 2019-02-03 22:45, 1, niebo niewidoczne: niewielki deszcz,  , 20.0, 23.5, 21.5, 20.0, 20.5, 20.5, 21.0, 16.5,  , 18.0, 25.0, 19.0, 18.0, 18.0, 21.0, 21.0, 17.0,  , True, True, True, True, True, True, True, True,  , Comf, Comf, Auto, Comf, Auto, Comf, Comf, Econ
5.173.57.237 - - [03/Feb/2019 22:46:33] "GET /api/last HTTP/1.1" 200 -
5.173.57.237 - - [03/Feb/2019 22:46:33] "GET /favicon.ico HTTP/1.1" 404 -
read settings; number of rooms=8
switching to  "main bedroom": room 0
setting temperature 18.5
switching to  "agata's": room 3
setting temperature 18.5
switching to  "leo's'": room 4
setting temperature 18.5
last_observation= 2019-02-03 22:50, 1, niebo niewidoczne: niewielki deszcz,  , 20.0, ffline, 21.5, 20.0, 20.5, 20.5, 21.0, 16.5,  , 18.0->18.5, 25.0, 19.0, 18.0->18.5, 18.0->18.5, 21.0, 21.0, 17.0,  , True, True, True, True, True, True, True, True,  , Comf, Comf, Auto, Comf, Auto, Comf, Comf, Econ
read settings; number of rooms=8
last_observation= 2019-02-03 22:55, 1, niebo niewidoczne: niewielki deszcz,  , 20.0, ffline, 21.5, 20.0, 20.5, 20.5, 21.0, 16.5,  , 18.5, 25.0, 19.0, 18.5, 18.5, 21.0, 21.0, 17.0,  , True, True, True, True, True, True, True, True,  , Comf, Comf, Auto, Comf, Auto, Comf, Comf, Econ
read settings; number of rooms=8
last_observation= 2019-02-03 23:00, 1, niebo niewidoczne: niewielki deszcz,  , 20.0, ffline, 21.5, 20.0, 20.5, 20.5, 21.0, 16.5,  , 18.5, 25.0, 19.0, 18.5, 18.5, 21.0, 21.0, 17.0,  , True, True, True, True, True, True, True, True,  , Comf, Comf, Auto, Comf, Auto, Comf, Comf, Econ
read settings; number of rooms=8
switching to  "gust": room 2
setting temperature 19.5
last_observation= 2019-02-03 23:06, 1, niebo niewidoczne: niewielki deszcz,  , 20.0, 23.5, 21.0, 20.0, 20.5, 20.5, 21.0, 16.5,  , 18.5, 25.0, 19.0->19.5, 18.5, 18.5, 21.0, 21.0, 17.0,  , True, True, True, True, True, True, True, True,  , Comf, Comf, Auto, Comf, Auto, Comf, Comf, Econ
read settings; number of rooms=8
last_observation= 2019-02-03 23:11, 1, niebo niewidoczne: niewielki deszcz,  , 20.0, 23.5, 21.0, 20.0, 20.5, 21.0, 21.0, 16.5,  , 18.5, 25.0, 19.5, 18.5, 18.5, 21.0, 21.0, 17.0,  , True, True, True, True, True, True, True, True,  , Comf, Comf, Auto, Comf, Auto, Comf, Comf, Econ
read settings; number of rooms=8
last_observation= 2019-02-03 23:16, 1, niebo niewidoczne: niewielki deszcz,  , 20.0, ffline, 21.0, 20.0, 20.5, 21.0, 21.0, 16.5,  , 18.5, 25.0, 19.5, 18.5, 18.5, 21.0, 21.0, 17.0,  , True, True, True, True, True, True, True, True,  , Comf, Comf, Auto, Comf, Auto, Comf, Comf, Econ
/api/last
returning 2019-02-03 23:16, 1, niebo niewidoczne: niewielki deszcz,  , 20.0, ffline, 21.0, 20.0, 20.5, 21.0, 21.0, 16.5,  , 18.5, 25.0, 19.5, 18.5, 18.5, 21.0, 21.0, 17.0,  , True, True, True, True, True, True, True, True,  , Comf, Comf, Auto, Comf, Auto, Comf, Comf, Econ
5.173.57.237 - - [03/Feb/2019 23:18:36] "GET /api/last HTTP/1.1" 200 -
5.173.57.237 - - [03/Feb/2019 23:18:36] "GET /favicon.ico HTTP/1.1" 404 -
read settings; number of rooms=8
last_observation= 2019-02-03 23:21, 1, niebo niewidoczne: niewielki deszcz,  , 20.0, ffline, 21.0, 20.0, 20.5, 21.0, 21.0, 16.5,  , 18.5, 25.0, 19.5, 18.5, 18.5, 21.0, 21.0, 17.0,  , True, True, True, True, True, True, True, True,  , Comf, Comf, Auto, Comf, Auto, Comf, Comf, Econ
125.64.94.200 - - [03/Feb/2019 23:23:50] "GET / HTTP/1.0" 404 -
read settings; number of rooms=8
last_observation= 2019-02-03 23:26, 1, niebo niewidoczne: niewielki deszcz,  , 20.0, ffline, 21.0, 20.0, 20.0, 21.0, 21.0, 16.5,  , 18.5, 25.0, 19.5, 18.5, 18.5, 21.0, 21.0, 17.0,  , True, True, True, True, True, True, True, True,  , Comf, Comf, Auto, Comf, Auto, Comf, Comf, Econ
read settings; number of rooms=8
last_observation= 2019-02-03 23:31, 1, niebo niewidoczne: niewielki deszcz,  , 20.0, ffline, 21.0, 20.0, 20.0, 21.0, 21.0, 17.0,  , 18.5, 25.0, 19.5, 18.5, 18.5, 21.0, 21.0, 17.0,  , True, True, True, True, True, True, True, True,  , Comf, Comf, Auto, Comf, Auto, Comf, Comf, Econ
read settings; number of rooms=8
switching to  "living room": room 5
setting temperature 21.5
switching to  "kitchen": room 6
setting temperature 21.5
last_observation= 2019-02-03 23:36, 1, niebo niewidoczne: niewielki deszcz,  , 20.0, ffline, 21.0, 20.0, 20.0, 21.5, 21.0, 17.0,  , 18.5, 25.0, 19.5, 18.5, 18.5, 21.0->21.5, 21.0->21.5, 17.0,  , True, True, True, True, True, True, True, True,  , Comf, Comf, Auto, Comf, Auto, Comf, Comf, Econ
read settings; number of rooms=8
last_observation= 2019-02-03 23:41, 1, niebo niewidoczne: niewielki deszcz,  , 20.0, ffline, 21.0, 20.0, 20.0, 21.5, 21.0, 17.0,  , 18.5, 25.0, 19.5, 18.5, 18.5, 21.5, 21.5, 17.0,  , True, True, True, True, True, True, True, True,  , Comf, Comf, Auto, Comf, Auto, Comf, Comf, Econ
read settings; number of rooms=8
last_observation= 2019-02-03 23:46, 1, niebo niewidoczne: niewielki deszcz,  , 20.0, ffline, 21.0, 20.0, 20.0, 21.5, 21.0, 17.0,  , 18.5, 25.0, 19.5, 18.5, 18.5, 21.5, 21.5, 17.0,  , True, True, True, True, True, True, True, True,  , Comf, Comf, Auto, Comf, Auto, Comf, Comf, Econ
read settings; number of rooms=8
switching to  "main bedroom": room 0
setting temperature 19.0
switching to  "agata's": room 3
setting temperature 19.0
switching to  "leo's'": room 4
setting temperature 19.0
last_observation= 2019-02-03 23:52, 1, niebo niewidoczne: niewielki deszcz,  , 20.0, ffline, 21.0, 20.0, 20.0, 21.5, 21.0, 17.0,  , 18.5->19.0, 25.0, 19.5, 18.5->19.0, 18.5->19.0, 21.5, 21.5, 17.0,  , True, True, True, True, True, True, True, True,  , Comf, Comf, Auto, Comf, Auto, Comf, Comf, Econ
read settings; number of rooms=8
last_observation= 2019-02-03 23:57, 1, niebo niewidoczne: niewielki deszcz,  , 20.0, ffline, 21.0, 20.0, 20.0, 21.5, 21.0, 17.0,  , 19.0, 25.0, 19.5, 19.0, 19.0, 21.5, 21.5, 17.0,  , True, True, True, True, True, True, True, True,  , Comf, Comf, Auto, Comf, Auto, Comf, Comf, Econ
read settings; number of rooms=8
last_observation= 2019-02-04 00:02, 1, niebo niewidoczne: bez istot. opadw,  , 20.0, ffline, 21.0, 20.0, 20.0, 21.5, 21.0, 17.0,  , 19.0, 25.0, 19.5, 19.0, 19.0, 21.5, 21.5, 17.0,  , True, True, True, True, True, True, True, True,  , Comf, Comf, Auto, Comf, Auto, Comf, Comf, Econ
read settings; number of rooms=8
last_observation= 2019-02-04 00:07, 1, niebo niewidoczne: bez istot. opadw,  , 20.0, ffline, 20.5, 20.0, 20.0, 21.0, 21.5, 17.0,  , 19.0, 25.0, 19.5, 19.0, 19.0, 21.5, 21.5, 17.0,  , True, True, True, True, True, True, True, True,  , Comf, Comf, Auto, Comf, Auto, Comf, Comf, Econ
read settings; number of rooms=8
last_observation= 2019-02-04 00:12, 1, niebo niewidoczne: bez istot. opadw,  , 20.0, ffline, 20.5, 20.0, 20.0, 21.0, 21.5, 17.0,  , 19.0, 25.0, 19.5, 19.0, 19.0, 21.5, 21.5, 17.0,  , True, True, True, True, True, True, True, True,  , Comf, Comf, Auto, Comf, Auto, Comf, Comf, Econ
read settings; number of rooms=8
last_observation= 2019-02-04 00:17, 1, niebo niewidoczne: bez istot. opadw,  , 20.0, ffline, 20.5, 20.0, 20.0, 21.0, 21.5, 17.0,  , 19.0, 25.0, 19.5, 19.0, 19.0, 21.5, 21.5, 17.0,  , True, True, True, True, True, True, True, True,  , Comf, Comf, Auto, Comf, Auto, Comf, Comf, Econ
read settings; number of rooms=8
last_observation= 2019-02-04 00:22, 1, niebo niewidoczne: bez istot. opadw,  , 20.0, ffline, 20.5, 20.0, 20.0, 21.0, 21.5, 17.0,  , 19.0, 25.0, 19.5, 19.0, 19.0, 21.5, 21.5, 17.0,  , True, True, True, True, True, True, True, True,  , Comf, Comf, Auto, Comf, Auto, Comf, Comf, Econ
read settings; number of rooms=8
switching to  "gust": room 2
setting temperature 20.0
last_observation= 2019-02-04 00:27, 1, niebo niewidoczne: bez istot. opadw,  , 20.0, ffline, 20.5, 20.0, 20.0, 21.0, 21.5, 17.0,  , 19.0, 25.0, 19.5->20.0, 19.0, 19.0, 21.5, 21.5, 17.0,  , True, True, True, True, True, True, True, True,  , Comf, Comf, Auto, Comf, Auto, Comf, Comf, Econ
read settings; number of rooms=8
last_observation= 2019-02-04 00:32, 1, niebo niewidoczne: bez istot. opadw,  , 19.5, ffline, 20.5, 20.0, 20.0, 21.0, 21.5, 17.0,  , 19.0, 25.0, 20.0, 19.0, 19.0, 21.5, 21.5, 17.0,  , True, True, True, True, True, True, True, True,  , Comf, Comf, Auto, Comf, Auto, Comf, Comf, Econ
read settings; number of rooms=8
last_observation= 2019-02-04 00:38, 1, niebo niewidoczne: bez istot. opadw,  , 19.5, ffline, 20.5, 20.0, 20.0, 21.5, 21.5, 17.0,  , 19.0, 25.0, 20.0, 19.0, 19.0, 21.5, 21.5, 17.0,  , True, True, True, True, True, True, True, True,  , Comf, Comf, Auto, Comf, Auto, Comf, Comf, Econ
read settings; number of rooms=8
last_observation= 2019-02-04 00:43, 1, niebo niewidoczne: bez istot. opadw,  , 19.5, 23.5, 20.5, 20.0, 20.0, 21.5, 21.5, 17.0,  , 19.0, 25.0, 20.0, 19.0, 19.0, 21.5, 21.5, 17.0,  , True, True, True, True, True, True, True, True,  , Comf, Comf, Auto, Comf, Auto, Comf, Comf, Econ
read settings; number of rooms=8
switching to  "main bedroom": room 0
setting temperature 19.5
switching to  "agata's": room 3
setting temperature 19.5
switching to  "leo's'": room 4
setting temperature 19.5
last_observation= 2019-02-04 00:48, 1, niebo niewidoczne: bez istot. opadw,  , 19.5, 23.5, 20.5, 20.0, 20.0, 21.5, 21.5, 17.0,  , 19.0->19.5, 25.0, 20.0, 19.0->19.5, 19.0->19.5, 21.5, 21.5, 17.0,  , True, True, True, True, True, True, True, True,  , Comf, Comf, Auto, Comf, Auto, Comf, Comf, Econ
read settings; number of rooms=8
last_observation= 2019-02-04 00:53, 1, niebo niewidoczne: bez istot. opadw,  , 19.5, 23.5, 20.5, 20.0, 20.0, 21.5, 21.5, 17.0,  , 19.5, 25.0, 20.0, 19.5, 19.5, 21.5, 21.5, 17.0,  , True, True, True, True, True, True, True, True,  , Comf, Comf, Auto, Comf, Auto, Comf, Comf, Econ
read settings; number of rooms=8
last_observation= 2019-02-04 00:58, 1, niebo niewidoczne: bez istot. opadw,  , 19.5, 23.5, 20.5, 20.0, 20.0, 21.5, 21.5, 17.0,  , 19.5, 25.0, 20.0, 19.5, 19.5, 21.5, 21.5, 17.0,  , True, True, True, True, True, True, True, True,  , Comf, Comf, Auto, Comf, Auto, Comf, Comf, Econ
read settings; number of rooms=8
last_observation= 2019-02-04 01:03, 0, niebo niewidoczne: bez istot. opadw,  , 19.5, 23.5, 20.5, 20.0, 20.0, 21.5, 21.5, 17.0,  , 19.5, 25.0, 20.0, 19.5, 19.5, 21.5, 21.5, 17.0,  , True, True, True, True, True, True, True, True,  , Comf, Comf, Auto, Comf, Auto, Comf, Comf, Econ
read settings; number of rooms=8
last_observation= 2019-02-04 01:08, 0, niebo niewidoczne: bez istot. opadw,  , 20.0, 23.5, 20.5, 20.0, 20.0, 21.5, 22.0, 17.0,  , 19.5, 25.0, 20.0, 19.5, 19.5, 21.5, 21.5, 17.0,  , True, True, True, True, True, True, True, True,  , Comf, Comf, Auto, Comf, Auto, Comf, Comf, Econ
read settings; number of rooms=8
last_observation= 2019-02-04 01:13, 0, niebo niewidoczne: bez istot. opadw,  , 20.0, 23.5, 20.5, 20.0, 20.0, 21.5, 22.0, 17.0,  , 19.5, 25.0, 20.0, 19.5, 19.5, 21.5, 21.5, 17.0,  , True, True, True, True, True, True, True, True,  , Comf, Comf, Auto, Comf, Auto, Comf, Comf, Econ
read settings; number of rooms=8
last_observation= 2019-02-04 01:18, 0, niebo niewidoczne: bez istot. opadw,  , 20.0, 23.5, 20.5, 20.0, 20.0, 21.5, 22.0, 17.0,  , 19.5, 25.0, 20.0, 19.5, 19.5, 21.5, 21.5, 17.0,  , True, True, True, True, True, True, True, True,  , Comf, Comf, Auto, Comf, Auto, Comf, Comf, Econ
read settings; number of rooms=8
last_observation= 2019-02-04 01:23, 0, niebo niewidoczne: bez istot. opadw,  , 20.0, 23.5, 20.5, 20.0, 20.0, 21.5, 22.0, 17.0,  , 19.5, 25.0, 20.0, 19.5, 19.5, 21.5, 21.5, 17.0,  , True, True, True, True, True, True, True, True,  , Comf, Comf, Auto, Comf, Auto, Comf, Comf, Econ
read settings; number of rooms=8
last_observation= 2019-02-04 01:29, 0, niebo niewidoczne: bez istot. opadw,  , 20.0, 23.5, 20.5, 20.0, 20.0, 21.5, 21.5, 17.0,  , 19.5, 25.0, 20.0, 19.5, 19.5, 21.5, 21.5, 17.0,  , True, True, True, True, True, True, True, True,  , Comf, Comf, Auto, Comf, Auto, Comf, Comf, Econ
read settings; number of rooms=8
last_observation= 2019-02-04 01:34, 0, niebo niewidoczne: niewielki deszcz,  , 20.0, 23.5, 20.5, 20.0, 20.0, 22.0, 21.5, 17.0,  , 19.5, 25.0, 20.0, 19.5, 19.5, 21.5, 21.5, 17.0,  , True, True, True, True, True, True, True, True,  , Comf, Comf, Auto, Comf, Auto, Comf, Comf, Econ
read settings; number of rooms=8
switching to  "living room": room 5
setting temperature 22.0
switching to  "kitchen": room 6
setting temperature 22.0
last_observation= 2019-02-04 01:39, 0, niebo niewidoczne: niewielki deszcz,  , 20.0, ffline, 20.5, 20.0, 20.0, 22.0, 21.5, 17.0,  , 19.5, 25.0, 20.0, 19.5, 19.5, 21.5->22.0, 21.5->22.0, 17.0,  , True, True, True, True, True, True, True, True,  , Comf, Comf, Auto, Comf, Auto, Comf, Comf, Econ
read settings; number of rooms=8
switching to  "gust": room 2
setting temperature 20.5
last_observation= 2019-02-04 01:44, 0, niebo niewidoczne: niewielki deszcz,  , 20.0, ffline, 20.5, 20.0, 20.0, 22.0, 21.5, 17.0,  , 19.5, 25.0, 20.0->20.5, 19.5, 19.5, 22.0, 22.0, 17.0,  , True, True, True, True, True, True, True, True,  , Comf, Comf, Auto, Comf, Auto, Comf, Comf, Econ
read settings; number of rooms=8
switching to  "main bedroom": room 0
setting temperature 20.0
switching to  "agata's": room 3
setting temperature 20.0
switching to  "leo's'": room 4
setting temperature 20.0
last_observation= 2019-02-04 01:49, 0, niebo niewidoczne: niewielki deszcz,  , 20.0, ffline, 20.5, 20.0, 20.0, 22.0, 21.5, 17.0,  , 19.5->20.0, 25.0, 20.5, 19.5->20.0, 19.5->20.0, 22.0, 22.0, 17.0,  , True, True, True, True, True, True, True, True,  , Comf, Comf, Auto, Comf, Auto, Comf, Comf, Econ
read settings; number of rooms=8
last_observation= 2019-02-04 01:54, 0, niebo niewidoczne: niewielki deszcz,  , 20.0, ffline, 20.5, 20.0, 20.0, 21.5, 21.5, 17.0,  , 20.0, 25.0, 20.5, 20.0, 20.0, 22.0, 22.0, 17.0,  , True, True, True, True, True, True, True, True,  , Comf, Comf, Auto, Comf, Auto, Comf, Comf, Econ
read settings; number of rooms=8
last_observation= 2019-02-04 01:59, 0, niebo niewidoczne: niewielki deszcz,  , 20.0, ffline, 20.5, 20.0, 20.0, 21.5, 21.5, 17.0,  , 20.0, 25.0, 20.5, 20.0, 20.0, 22.0, 22.0, 17.0,  , True, True, True, True, True, True, True, True,  , Comf, Comf, Auto, Comf, Auto, Comf, Comf, Econ
read settings; number of rooms=8
last_observation= 2019-02-04 02:04, 0, niebo niewidoczne: niewielki deszcz,  , 20.0, ffline, 20.5, 20.0, 20.0, 21.5, 21.5, 17.0,  , 20.0, 25.0, 20.5, 20.0, 20.0, 22.0, 22.0, 17.0,  , True, True, True, True, True, True, True, True,  , Comf, Comf, Auto, Comf, Auto, Comf, Comf, Econ
read settings; number of rooms=8
last_observation= 2019-02-04 02:10, 0, niebo niewidoczne: niewielki deszcz,  , 20.0, ffline, 20.5, 20.0, 20.0, 21.5, 21.5, 17.0,  , 20.0, 25.0, 20.5, 20.0, 20.0, 22.0, 22.0, 17.0,  , True, True, True, True, True, True, True, True,  , Comf, Comf, Auto, Comf, Auto, Comf, Comf, Econ
read settings; number of rooms=8
last_observation= 2019-02-04 02:15, 0, niebo niewidoczne: niewielki deszcz,  , 20.0, 23.5, 20.5, 20.0, 20.0, 21.5, 21.5, 17.0,  , 20.0, 25.0, 20.5, 20.0, 20.0, 22.0, 22.0, 17.0,  , True, True, True, True, True, True, True, True,  , Comf, Comf, Auto, Comf, Auto, Comf, Comf, Econ
read settings; number of rooms=8
last_observation= 2019-02-04 02:20, 0, niebo niewidoczne: niewielki deszcz,  , 20.0, 23.5, 20.5, 20.0, 20.0, 21.5, 21.5, 17.5,  , 20.0, 25.0, 20.5, 20.0, 20.0, 22.0, 22.0, 17.0,  , True, True, True, True, True, True, True, True,  , Comf, Comf, Auto, Comf, Auto, Comf, Comf, Econ
read settings; number of rooms=8
last_observation= 2019-02-04 02:25, 0, niebo niewidoczne: niewielki deszcz,  , 20.0, 23.5, 20.5, 20.0, 20.0, 21.5, 21.5, 17.5,  , 20.0, 25.0, 20.5, 20.0, 20.0, 22.0, 22.0, 17.0,  , True, True, True, True, True, True, True, True,  , Comf, Comf, Auto, Comf, Auto, Comf, Comf, Econ
read settings; number of rooms=8
last_observation= 2019-02-04 02:30, 0, niebo niewidoczne: niewielki deszcz,  , 20.0, 23.5, 20.5, 20.0, 20.0, 21.5, 22.0, 17.5,  , 20.0, 25.0, 20.5, 20.0, 20.0, 22.0, 22.0, 17.0,  , True, True, True, True, True, True, True, True,  , Comf, Comf, Auto, Comf, Auto, Comf, Comf, Econ
read settings; number of rooms=8
last_observation= 2019-02-04 02:35, 0, niebo niewidoczne: niewielki deszcz,  , 20.0, 23.5, 20.5, 20.0, 20.0, 21.5, 22.0, 17.5,  , 20.0, 25.0, 20.5, 20.0, 20.0, 22.0, 22.0, 17.0,  , True, True, True, True, True, True, True, True,  , Comf, Comf, Auto, Comf, Auto, Comf, Comf, Econ
read settings; number of rooms=8
last_observation= 2019-02-04 02:40, 0, niebo niewidoczne: niewielki deszcz,  , 20.0, 23.5, 20.5, 20.0, 20.0, 22.0, 22.0, 17.5,  , 20.0, 25.0, 20.5, 20.0, 20.0, 22.0, 22.0, 17.0,  , True, True, True, True, True, True, True, True,  , Comf, Comf, Auto, Comf, Auto, Comf, Comf, Econ
read settings; number of rooms=8
last_observation= 2019-02-04 02:45, 0, niebo niewidoczne: niewielki deszcz,  , 20.0, 23.5, 20.5, 20.0, 20.0, 22.0, 22.0, 17.5,  , 20.0, 25.0, 20.5, 20.0, 20.0, 22.0, 22.0, 17.0,  , True, True, True, True, True, True, True, True,  , Comf, Comf, Auto, Comf, Auto, Comf, Comf, Econ
read settings; number of rooms=8
switching to  "main bedroom": room 0
setting temperature 20.5
switching to  "agata's": room 3
setting temperature 20.5
switching to  "leo's'": room 4
setting temperature 20.5
last_observation= 2019-02-04 02:50, 0, niebo niewidoczne: niewielki deszcz,  , 20.0, 23.5, 20.5, 20.0, 20.0, 22.0, 22.0, 17.5,  , 20.0->20.5, 25.0, 20.5, 20.0->20.5, 20.0->20.5, 22.0, 22.0, 17.0,  , True, True, True, True, True, True, True, True,  , Comf, Comf, Auto, Comf, Auto, Comf, Comf, Econ
read settings; number of rooms=8
last_observation= 2019-02-04 02:55, 0, niebo niewidoczne: niewielki deszcz,  , 20.0, 23.5, 20.5, 20.0, 20.0, 22.0, 22.0, 17.5,  , 20.5, 25.0, 20.5, 20.5, 20.5, 22.0, 22.0, 17.0,  , True, True, True, True, True, True, True, True,  , Comf, Comf, Auto, Comf, Auto, Comf, Comf, Econ
read settings; number of rooms=8
last_observation= 2019-02-04 03:01, 0, niebo niewidoczne: bez istot. opadw,  , 20.0, 24.0, 20.5, 20.0, 20.0, 22.0, 22.0, 17.5,  , 20.5, 25.0, 20.5, 20.5, 20.5, 22.0, 22.0, 17.0,  , True, True, True, True, True, True, True, True,  , Comf, Comf, Auto, Comf, Auto, Comf, Comf, Econ
read settings; number of rooms=8
switching to  "gust": room 2
setting temperature 21.0
last_observation= 2019-02-04 03:06, 0, niebo niewidoczne: bez istot. opadw,  , 20.0, 24.0, 20.5, 20.0, 20.0, 22.0, 22.0, 17.5,  , 20.5, 25.0, 20.5->21.0, 20.5, 20.5, 22.0, 22.0, 17.0,  , True, True, True, True, True, True, True, True,  , Comf, Comf, Auto, Comf, Auto, Comf, Comf, Econ
read settings; number of rooms=8
last_observation= 2019-02-04 03:11, 0, niebo niewidoczne: bez istot. opadw,  , 20.0, 24.0, 20.5, 20.0, 20.0, 22.0, 22.0, 17.5,  , 20.5, 25.0, 21.0, 20.5, 20.5, 22.0, 22.0, 17.0,  , True, True, True, True, True, True, True, True,  , Comf, Comf, Auto, Comf, Auto, Comf, Comf, Econ
read settings; number of rooms=8
last_observation= 2019-02-04 03:16, 0, niebo niewidoczne: bez istot. opadw,  , 20.0, 24.0, 20.5, 20.0, 20.0, 22.0, 22.0, 17.5,  , 20.5, 25.0, 21.0, 20.5, 20.5, 22.0, 22.0, 17.0,  , True, True, True, True, True, True, True, True,  , Comf, Comf, Auto, Comf, Auto, Comf, Comf, Econ
read settings; number of rooms=8
last_observation= 2019-02-04 03:21, 0, niebo niewidoczne: bez istot. opadw,  , 20.0, 24.0, 20.5, 20.0, 20.5, 22.0, 22.0, 17.5,  , 20.5, 25.0, 21.0, 20.5, 20.5, 22.0, 22.0, 17.0,  , True, True, True, True, True, True, True, True,  , Comf, Comf, Auto, Comf, Auto, Comf, Comf, Econ
read settings; number of rooms=8
last_observation= 2019-02-04 03:26, 0, niebo niewidoczne: bez istot. opadw,  , 20.5, 24.0, 20.5, 20.0, 20.5, 22.0, 22.0, 17.5,  , 20.5, 25.0, 21.0, 20.5, 20.5, 22.0, 22.0, 17.0,  , True, True, True, True, True, True, True, True,  , Comf, Comf, Auto, Comf, Auto, Comf, Comf, Econ
read settings; number of rooms=8
last_observation= 2019-02-04 03:31, 0, niebo niewidoczne: bez istot. opadw,  , 20.5, 24.0, 20.5, 20.0, 20.5, 22.0, 22.0, 17.5,  , 20.5, 25.0, 21.0, 20.5, 20.5, 22.0, 22.0, 17.0,  , True, True, True, True, True, True, True, True,  , Comf, Comf, Auto, Comf, Auto, Comf, Comf, Econ
read settings; number of rooms=8
switching to  "living room": room 5
setting temperature 22.5
switching to  "kitchen": room 6
setting temperature 22.5
last_observation= 2019-02-04 03:36, 0, niebo niewidoczne: bez istot. opadw,  , 21.0, 24.0, 20.5, 20.5, 21.0, 22.0, 22.0, 17.5,  , 20.5, 25.0, 21.0, 20.5, 20.5, 22.0->22.5, 22.0->22.5, 17.0,  , True, True, True, True, True, True, True, True,  , Comf, Comf, Auto, Comf, Auto, Comf, Comf, Econ
read settings; number of rooms=8
last_observation= 2019-02-04 03:41, 0, niebo niewidoczne: bez istot. opadw,  , 21.0, 24.0, 20.5, 20.5, 21.0, 22.0, 22.0, 17.5,  , 20.5, 25.0, 21.0, 20.5, 20.5, 22.5, 22.5, 17.0,  , True, True, True, True, True, True, True, True,  , Comf, Comf, Auto, Comf, Auto, Comf, Comf, Econ
read settings; number of rooms=8
last_observation= 2019-02-04 03:46, 0, niebo niewidoczne: bez istot. opadw,  , 21.0, 24.0, 20.5, 20.5, 21.0, 22.0, 22.0, 17.5,  , 20.5, 25.0, 21.0, 20.5, 20.5, 22.5, 22.5, 17.0,  , True, True, True, True, True, True, True, True,  , Comf, Comf, Auto, Comf, Auto, Comf, Comf, Econ
read settings; number of rooms=8
switching to  "main bedroom": room 0
setting temperature 21.0
switching to  "agata's": room 3
setting temperature 21.0
switching to  "leo's'": room 4
setting temperature 21.0
last_observation= 2019-02-04 03:52, 0, niebo niewidoczne: bez istot. opadw,  , 21.0, 24.0, 20.5, 20.5, 21.0, 22.0, 22.0, 17.5,  , 20.5->21.0, 25.0, 21.0, 20.5->21.0, 20.5->21.0, 22.5, 22.5, 17.0,  , True, True, True, True, True, True, True, True,  , Comf, Comf, Auto, Comf, Auto, Comf, Comf, Econ
read settings; number of rooms=8
last_observation= 2019-02-04 03:57, 0, niebo niewidoczne: bez istot. opadw,  , 21.0, 24.0, 20.5, 20.5, 21.0, 22.0, 22.0, 17.5,  , 21.0, 25.0, 21.0, 21.0, 21.0, 22.5, 22.5, 17.0,  , True, True, True, True, True, True, True, True,  , Comf, Comf, Auto, Comf, Auto, Comf, Comf, Econ
read settings; number of rooms=8
last_observation= 2019-02-04 04:02, 0, niebo niewidoczne: bez istot. opadw,  , 21.0, 24.0, 21.0, 21.0, 21.0, 22.0, 22.0, 17.5,  , 21.0, 25.0, 21.0, 21.0, 21.0, 22.5, 22.5, 17.0,  , True, True, True, True, True, True, True, True,  , Comf, Comf, Auto, Comf, Auto, Comf, Comf, Econ
read settings; number of rooms=8
last_observation= 2019-02-04 04:07, 0, niebo niewidoczne: bez istot. opadw,  , 20.5, 24.0, 21.0, 21.0, 21.0, 22.0, 22.0, 17.5,  , 21.0, 25.0, 21.0, 21.0, 21.0, 22.5, 22.5, 17.0,  , True, True, True, True, True, True, True, True,  , Comf, Comf, Auto, Comf, Auto, Comf, Comf, Econ
read settings; number of rooms=8
last_observation= 2019-02-04 04:12, 0, niebo niewidoczne: bez istot. opadw,  , 20.5, 24.0, 21.0, 20.5, 20.5, 22.0, 22.0, 17.5,  , 21.0, 25.0, 21.0, 21.0, 21.0, 22.5, 22.5, 17.0,  , True, True, True, True, True, True, True, True,  , Comf, Comf, Auto, Comf, Auto, Comf, Comf, Econ
read settings; number of rooms=8
last_observation= 2019-02-04 04:17, 0, niebo niewidoczne: bez istot. opadw,  , 20.5, 24.0, 21.0, 20.5, 20.5, 22.0, 22.0, 17.5,  , 21.0, 25.0, 21.0, 21.0, 21.0, 22.5, 22.5, 17.0,  , True, True, True, True, True, True, True, True,  , Comf, Comf, Auto, Comf, Auto, Comf, Comf, Econ
read settings; number of rooms=8
last_observation= 2019-02-04 04:22, 0, niebo niewidoczne: bez istot. opadw,  , 20.5, 24.0, 21.0, 20.5, 20.5, 22.0, 22.0, 17.5,  , 21.0, 25.0, 21.0, 21.0, 21.0, 22.5, 22.5, 17.0,  , True, True, True, True, True, True, True, True,  , Comf, Comf, Auto, Comf, Auto, Comf, Comf, Econ
read settings; number of rooms=8
switching to  "gust": room 2
setting temperature 21.5
last_observation= 2019-02-04 04:27, 0, niebo niewidoczne: bez istot. opadw,  , 20.5, 24.0, 21.0, 20.5, 20.5, 22.0, 22.0, 17.5,  , 21.0, 25.0, 21.0->21.5, 21.0, 21.0, 22.5, 22.5, 17.0,  , True, True, True, True, True, True, True, True,  , Comf, Comf, Auto, Comf, Auto, Comf, Comf, Econ
read settings; number of rooms=8
last_observation= 2019-02-04 04:32, 0, niebo niewidoczne: bez istot. opadw,  , 20.5, 24.0, 21.0, 20.5, 20.5, 22.0, 22.0, 17.5,  , 21.0, 25.0, 21.5, 21.0, 21.0, 22.5, 22.5, 17.0,  , True, True, True, True, True, True, True, True,  , Comf, Comf, Auto, Comf, Auto, Comf, Comf, Econ
read settings; number of rooms=8
last_observation= 2019-02-04 04:38, 0, niebo niewidoczne: bez istot. opadw,  , 20.5, 24.0, 21.0, 20.5, 20.5, 22.0, 22.0, 17.5,  , 21.0, 25.0, 21.5, 21.0, 21.0, 22.5, 22.5, 17.0,  , True, True, True, True, True, True, True, True,  , Comf, Comf, Auto, Comf, Auto, Comf, Comf, Econ
read settings; number of rooms=8
last_observation= 2019-02-04 04:43, 0, niebo niewidoczne: bez istot. opadw,  , 20.5, 24.0, 21.0, 20.5, 20.5, 22.0, 22.0, 17.5,  , 21.0, 25.0, 21.5, 21.0, 21.0, 22.5, 22.5, 17.0,  , True, True, True, True, True, True, True, True,  , Comf, Comf, Auto, Comf, Auto, Comf, Comf, Econ
read settings; number of rooms=8
switching to  "main bedroom": room 0
setting temperature 21.5
switching to  "agata's": room 3
setting temperature 21.5
switching to  "leo's'": room 4
setting temperature 21.5
last_observation= 2019-02-04 04:48, 0, niebo niewidoczne: bez istot. opadw,  , 20.5, 24.0, 21.0, 20.5, 20.5, 22.0, 22.0, 17.5,  , 21.0->21.5, 25.0, 21.5, 21.0->21.5, 21.0->21.5, 22.5, 22.5, 17.0,  , True, True, True, True, True, True, True, True,  , Comf, Comf, Auto, Comf, Auto, Comf, Comf, Econ
read settings; number of rooms=8
last_observation= 2019-02-04 04:53, 0, niebo niewidoczne: bez istot. opadw,  , 20.5, 24.5, 21.0, 20.5, 20.5, 22.0, 22.0, 17.5,  , 21.5, 25.0, 21.5, 21.5, 21.5, 22.5, 22.5, 17.0,  , True, True, True, True, True, True, True, True,  , Comf, Comf, Auto, Comf, Auto, Comf, Comf, Econ
read settings; number of rooms=8
last_observation= 2019-02-04 04:58, 0, niebo niewidoczne: bez istot. opadw,  , 20.5, 24.5, 21.0, 20.5, 20.5, 22.0, 22.0, 17.5,  , 21.5, 25.0, 21.5, 21.5, 21.5, 22.5, 22.5, 17.0,  , True, True, True, True, True, True, True, True,  , Comf, Comf, Auto, Comf, Auto, Comf, Comf, Econ
read settings; number of rooms=8
last_observation= 2019-02-04 05:03, 0, niebo niewidoczne: bez istot. opadw,  , 20.5, 24.5, 21.0, 20.5, 20.5, 22.0, 22.0, 17.5,  , 21.5, 25.0, 21.5, 21.5, 21.5, 22.5, 22.5, 17.0,  , True, True, True, True, True, True, True, True,  , Comf, Comf, Auto, Comf, Auto, Comf, Comf, Econ
read settings; number of rooms=8
last_observation= 2019-02-04 05:08, 0, niebo niewidoczne: bez istot. opadw,  , 20.5, 24.5, 21.0, 20.5, 20.5, 22.0, 22.0, 17.5,  , 21.5, 25.0, 21.5, 21.5, 21.5, 22.5, 22.5, 17.0,  , True, True, True, True, True, True, True, True,  , Comf, Comf, Auto, Comf, Auto, Comf, Comf, Econ
read settings; number of rooms=8
last_observation= 2019-02-04 05:13, 0, niebo niewidoczne: bez istot. opadw,  , 20.5, 24.5, 21.0, 20.5, 20.5, 22.0, 22.0, 17.5,  , 21.5, 25.0, 21.5, 21.5, 21.5, 22.5, 22.5, 17.0,  , True, True, True, True, True, True, True, True,  , Comf, Comf, Auto, Comf, Auto, Comf, Comf, Econ
read settings; number of rooms=8
last_observation= 2019-02-04 05:18, 0, niebo niewidoczne: bez istot. opadw,  , 20.5, 24.5, 21.0, 20.5, 20.5, 22.0, 22.5, 17.5,  , 21.5, 25.0, 21.5, 21.5, 21.5, 22.5, 22.5, 17.0,  , True, True, True, True, True, True, True, True,  , Comf, Comf, Auto, Comf, Auto, Comf, Comf, Econ
read settings; number of rooms=8
last_observation= 2019-02-04 05:23, 0, niebo niewidoczne: bez istot. opadw,  , 20.5, 24.5, 21.0, 20.5, 20.5, 22.0, 22.5, 17.5,  , 21.5, 25.0, 21.5, 21.5, 21.5, 22.5, 22.5, 17.0,  , True, True, True, True, True, True, True, True,  , Comf, Comf, Auto, Comf, Auto, Comf, Comf, Econ
read settings; number of rooms=8
last_observation= 2019-02-04 05:29, 0, niebo niewidoczne: bez istot. opadw,  , 20.5, 24.5, 21.0, 20.5, 20.5, 22.5, 22.5, 17.5,  , 21.5, 25.0, 21.5, 21.5, 21.5, 22.5, 22.5, 17.0,  , True, True, True, True, True, True, True, True,  , Comf, Comf, Auto, Comf, Auto, Comf, Comf, Econ
read settings; number of rooms=8
last_observation= 2019-02-04 05:34, 0, niebo niewidoczne: bez istot. opadw,  , 20.5, 24.5, 21.0, 20.5, 20.5, 22.5, 22.5, 17.5,  , 21.5, 25.0, 21.5, 21.5, 21.5, 22.5, 22.5, 17.0,  , True, True, True, True, True, True, True, True,  , Comf, Comf, Auto, Comf, Auto, Comf, Comf, Econ
read settings; number of rooms=8
switching to  "living room": room 5
setting temperature 23.0
switching to  "kitchen": room 6
setting temperature 23.0
last_observation= 2019-02-04 05:39, 0, niebo niewidoczne: bez istot. opadw,  , 20.5, 24.5, 21.0, 20.5, 20.5, 22.5, 22.5, 17.5,  , 21.5, 25.0, 21.5, 21.5, 21.5, 22.5->23.0, 22.5->23.0, 17.0,  , True, True, True, True, True, True, True, True,  , Comf, Comf, Auto, Comf, Auto, Comf, Comf, Econ
read settings; number of rooms=8
switching to  "gust": room 2
setting temperature 22.0
last_observation= 2019-02-04 05:44, 0, niebo niewidoczne: bez istot. opadw,  , 20.5, 24.5, 21.0, 20.5, 21.0, 22.5, 22.5, 17.5,  , 21.5, 25.0, 21.5->22.0, 21.5, 21.5, 23.0, 23.0, 17.0,  , True, True, True, True, True, True, True, True,  , Comf, Comf, Auto, Comf, Auto, Comf, Comf, Econ
read settings; number of rooms=8
switching to  "main bedroom": room 0
setting temperature 22.0
switching to  "agata's": room 3
setting temperature 22.0
switching to  "leo's'": room 4
setting temperature 22.0
last_observation= 2019-02-04 05:49, 0, niebo niewidoczne: bez istot. opadw,  , 20.5, 24.5, 21.0, 20.5, 21.0, 22.5, 22.5, 17.5,  , 21.5->22.0, 25.0, 22.0, 21.5->22.0, 21.5->22.0, 23.0, 23.0, 17.0,  , True, True, True, True, True, True, True, True,  , Comf, Comf, Auto, Comf, Auto, Comf, Comf, Econ
read settings; number of rooms=8
switching to  "gust": room 2
setting temperature 22.0
last_observation= 2019-02-04 05:54, 0, niebo niewidoczne: bez istot. opadw,  , 20.5, 24.5, 21.0, 20.5, 21.0, 22.5, 22.5, 17.5,  , 22.0, 25.0, 17.0->22.0, 22.0, 22.0, 23.0, 23.0, 17.0,  , True, True, True, True, True, True, True, True,  , Comf, Comf, Auto, Comf, Auto, Comf, Comf, Econ
read settings; number of rooms=8
switching to  "leo's'": room 4
setting temperature 22.0
last_observation= 2019-02-04 05:59, 0, niebo niewidoczne: bez istot. opadw,  , 20.5, 24.5, 21.0, 20.5, 21.0, 22.5, 22.5, 17.5,  , 22.0, 25.0, 22.0, 22.0, 17.5->22.0, 23.0, 23.0, 17.0,  , True, True, True, True, True, True, True, True,  , Comf, Comf, Auto, Comf, Auto, Comf, Comf, Econ
read settings; number of rooms=8
switching to  "main bedroom": room 0
setting temperature 19.0
switching to  "bathroom": room 1
setting temperature 20.0
switching to  "gust": room 2
setting temperature 19.0
switching to  "agata's": room 3
setting temperature 19.0
switching to  "leo's'": room 4
setting temperature 19.0
switching to  "living room": room 5
setting temperature 19.0
switching to  "kitchen": room 6
setting temperature 19.0
switching to  "office": room 7
setting temperature 16.0
last_observation= 2019-02-04 06:04, 0, niebo niewidoczne: bez opadw,  , 20.5, 24.5, 21.0, 20.5, 21.0, 22.5, 22.5, 17.5,  , 22.0->19.0, 25.0->20.0, 22.0->19.0, 22.0->19.0, 22.0->19.0, 23.0->19.0, 23.0->19.0, 17.0->16.0,  , True, True, True, True, True, True, True, True,  , Comf, Comf, Auto, Comf, Auto, Comf, Comf, Econ
read settings; number of rooms=8
last_observation= 2019-02-04 06:10, 0, niebo niewidoczne: bez opadw,  , 20.5, 25.0, 21.0, 20.5, 21.0, 22.5, 22.5, 17.5,  , 19.0, 20.0, 19.0, 19.0, 19.0, 19.0, 19.0, 16.0,  , True, True, True, True, True, True, True, True,  , Comf, Comf, Auto, Comf, Auto, Comf, Comf, Econ
read settings; number of rooms=8
last_observation= 2019-02-04 06:15, 0, niebo niewidoczne: bez opadw,  , 21.0, 25.0, 21.0, 20.5, 21.0, 22.5, 22.5, 17.5,  , 19.0, 20.0, 19.0, 19.0, 19.0, 19.0, 19.0, 16.0,  , True, True, True, True, True, True, True, True,  , Comf, Comf, Auto, Comf, Auto, Comf, Comf, Econ
read settings; number of rooms=8
last_observation= 2019-02-04 06:20, 0, niebo niewidoczne: bez opadw,  , 21.0, 25.0, 21.0, 20.5, 21.0, 22.5, 22.5, 17.5,  , 19.0, 20.0, 19.0, 19.0, 19.0, 19.0, 19.0, 16.0,  , True, True, True, True, True, True, True, True,  , Comf, Comf, Auto, Comf, Auto, Comf, Comf, Econ
read settings; number of rooms=8
last_observation= 2019-02-04 06:25, 0, niebo niewidoczne: bez opadw,  , 21.0, 25.0, 21.0, 20.5, 21.0, 22.5, 22.5, 17.5,  , 19.0, 20.0, 19.0, 19.0, 19.0, 19.0, 19.0, 16.0,  , True, True, True, True, True, True, True, True,  , Comf, Comf, Auto, Comf, Auto, Comf, Comf, Econ
read settings; number of rooms=8
last_observation= 2019-02-04 06:30, 0, niebo niewidoczne: bez opadw,  , 20.5, 25.0, 21.0, 20.5, 21.0, 22.5, 22.5, 17.5,  , 19.0, 20.0, 19.0, 19.0, 19.0, 19.0, 19.0, 16.0,  , True, True, True, True, True, True, True, True,  , Comf, Comf, Auto, Comf, Auto, Comf, Comf, Econ
read settings; number of rooms=8
last_observation= 2019-02-04 06:35, 0, niebo niewidoczne: bez opadw,  , 20.5, 24.5, 21.0, 20.5, 21.0, 22.0, 22.5, 17.5,  , 19.0, 20.0, 19.0, 19.0, 19.0, 19.0, 19.0, 16.0,  , True, True, True, True, True, True, True, True,  , Comf, Comf, Auto, Comf, Auto, Comf, Comf, Econ
read settings; number of rooms=8
last_observation= 2019-02-04 06:40, 0, niebo niewidoczne: bez opadw,  , 20.5, 24.5, 21.0, 20.5, 21.0, 22.0, 22.5, 17.5,  , 19.0, 20.0, 19.0, 19.0, 19.0, 19.0, 19.0, 16.0,  , True, True, True, True, True, True, True, True,  , Comf, Comf, Auto, Comf, Auto, Comf, Comf, Econ
/api/last
returning 2019-02-04 06:40, 0, niebo niewidoczne: bez opadw,  , 20.5, 24.5, 21.0, 20.5, 21.0, 22.0, 22.5, 17.5,  , 19.0, 20.0, 19.0, 19.0, 19.0, 19.0, 19.0, 16.0,  , True, True, True, True, True, True, True, True,  , Comf, Comf, Auto, Comf, Auto, Comf, Comf, Econ
5.173.57.237 - - [04/Feb/2019 06:42:44] "GET /api/last HTTP/1.1" 200 -
5.173.57.237 - - [04/Feb/2019 06:42:45] "GET /favicon.ico HTTP/1.1" 404 -
read settings; number of rooms=8
last_observation= 2019-02-04 06:45, 0, niebo niewidoczne: bez opadw,  , 20.5, 24.5, 21.0, 20.5, 20.5, 22.0, 22.0, 17.5,  , 19.0, 20.0, 19.0, 19.0, 19.0, 19.0, 19.0, 16.0,  , True, True, True, True, True, True, True, True,  , Comf, Comf, Auto, Comf, Auto, Comf, Comf, Econ
read settings; number of rooms=8
switching to  "office": room 7
setting temperature 15.5
last_observation= 2019-02-04 06:50, 0, niebo niewidoczne: bez opadw,  , 20.5, 24.5, 21.0, 20.5, 20.5, 22.0, 22.0, 17.5,  , 19.0, 20.0, 19.0, 19.0, 19.0, 19.0, 19.0, 16.0->15.5,  , True, True, True, True, True, True, True, True,  , Comf, Comf, Auto, Comf, Auto, Comf, Comf, Econ
read settings; number of rooms=8
last_observation= 2019-02-04 06:56, 0, niebo niewidoczne: bez opadw,  , 20.5, 24.5, 21.0, 20.5, 20.5, 22.0, 22.0, 17.5,  , 19.0, 20.0, 19.0, 19.0, 19.0, 19.0, 19.0, 15.5,  , True, True, True, True, True, True, True, True,  , Comf, Comf, Auto, Comf, Auto, Comf, Comf, Econ
read settings; number of rooms=8
last_observation= 2019-02-04 07:01, 0, niebo niewidoczne: bez opadw,  , 20.5, 24.5, 21.0, 20.5, 20.5, 21.5, 22.0, 17.5,  , 19.0, 20.0, 19.0, 19.0, 19.0, 19.0, 19.0, 15.5,  , True, True, True, True, True, True, True, True,  , Comf, Comf, Auto, Comf, Auto, Comf, Comf, Econ
read settings; number of rooms=8
switching to  "main bedroom": room 0
setting temperature 18.5
switching to  "gust": room 2
setting temperature 18.5
switching to  "agata's": room 3
setting temperature 18.5
switching to  "leo's'": room 4
setting temperature 18.5
last_observation= 2019-02-04 07:06, 0, niebo niewidoczne: bez opadw,  , 20.5, 24.5, 21.0, 20.0, 20.5, 21.5, 22.0, 17.5,  , 19.0->18.5, 20.0, 19.0->18.5, 19.0->18.5, 19.0->18.5, 19.0, 19.0, 15.5,  , True, True, True, True, True, True, True, True,  , Comf, Comf, Auto, Comf, Auto, Comf, Comf, Econ
read settings; number of rooms=8
last_observation= 2019-02-04 07:11, 0, niebo niewidoczne: bez opadw,  , 20.5, 24.5, 21.0, 20.0, 20.5, 21.5, 22.0, 17.5,  , 18.5, 20.0, 18.5, 18.5, 18.5, 19.0, 19.0, 15.5,  , True, True, True, True, True, True, True, True,  , Comf, Comf, Auto, Comf, Auto, Comf, Comf, Econ
read settings; number of rooms=8
last_observation= 2019-02-04 07:16, 0, niebo niewidoczne: bez opadw,  , 20.5, 24.0, 21.0, 20.0, 20.5, 21.5, 22.0, 17.5,  , 18.5, 20.0, 18.5, 18.5, 18.5, 19.0, 19.0, 15.5,  , True, True, True, True, True, True, True, True,  , Comf, Comf, Auto, Comf, Auto, Comf, Comf, Econ
read settings; number of rooms=8
last_observation= 2019-02-04 07:21, 0, niebo niewidoczne: bez opadw,  , 20.5, 24.0, 21.0, 20.0, 20.5, 21.5, 22.0, 17.5,  , 18.5, 20.0, 18.5, 18.5, 18.5, 19.0, 19.0, 15.5,  , True, True, True, True, True, True, True, True,  , Comf, Comf, Auto, Comf, Auto, Comf, Comf, Econ
read settings; number of rooms=8
last_observation= 2019-02-04 07:26, 0, niebo niewidoczne: bez opadw,  , 20.5, 24.0, 21.0, 20.0, 20.5, 21.5, 22.0, 17.5,  , 18.5, 20.0, 18.5, 18.5, 18.5, 19.0, 19.0, 15.5,  , True, True, True, True, True, True, True, True,  , Comf, Comf, Auto, Comf, Auto, Comf, Comf, Econ
read settings; number of rooms=8
last_observation= 2019-02-04 07:31, 0, niebo niewidoczne: bez opadw,  , 20.5, 24.0, 21.0, 20.0, 20.5, 21.5, 22.0, 17.5,  , 18.5, 20.0, 18.5, 18.5, 18.5, 19.0, 19.0, 15.5,  , True, True, True, True, True, True, True, True,  , Comf, Comf, Auto, Comf, Auto, Comf, Comf, Econ
read settings; number of rooms=8
switching to  "bathroom": room 1
setting temperature 19.5
switching to  "living room": room 5
setting temperature 18.5
switching to  "kitchen": room 6
setting temperature 18.5
last_observation= 2019-02-04 07:36, 0, niebo niewidoczne: bez opadw,  , 20.0, 24.0, 20.5, 20.0, 20.5, 21.5, 22.0, 17.5,  , 18.5, 20.0->19.5, 18.5, 18.5, 18.5, 19.0->18.5, 19.0->18.5, 15.5,  , True, True, True, True, True, True, True, True,  , Comf, Comf, Auto, Comf, Auto, Comf, Comf, Econ
read settings; number of rooms=8
last_observation= 2019-02-04 07:42, 0, niebo niewidoczne: bez opadw,  , 20.0, 24.0, 20.5, 20.0, 20.5, 21.5, 22.0, 17.5,  , 18.5, 19.5, 18.5, 18.5, 18.5, 18.5, 18.5, 15.5,  , True, True, True, True, True, True, True, True,  , Comf, Comf, Auto, Comf, Auto, Comf, Comf, Econ
read settings; number of rooms=8
last_observation= 2019-02-04 07:47, 0, niebo niewidoczne: bez opadw,  , 20.0, 24.0, 20.5, 20.0, 20.5, 21.5, 22.0, 17.5,  , 18.5, 19.5, 18.5, 18.5, 18.5, 18.5, 18.5, 15.5,  , True, True, True, True, True, True, True, True,  , Comf, Comf, Auto, Comf, Auto, Comf, Comf, Econ
read settings; number of rooms=8
last_observation= 2019-02-04 07:52, 0, niebo niewidoczne: bez opadw,  , 20.0, 24.0, 20.5, 20.0, 20.5, 21.5, 22.0, 17.5,  , 18.5, 19.5, 18.5, 18.5, 18.5, 18.5, 18.5, 15.5,  , True, True, True, True, True, True, True, True,  , Comf, Comf, Auto, Comf, Auto, Comf, Comf, Econ
read settings; number of rooms=8
last_observation= 2019-02-04 07:57, 0, niebo niewidoczne: bez opadw,  , 20.0, 24.0, 20.5, 20.0, 20.5, 21.5, 22.0, 17.5,  , 18.5, 19.5, 18.5, 18.5, 18.5, 18.5, 18.5, 15.5,  , True, True, True, True, True, True, True, True,  , Comf, Comf, Auto, Comf, Auto, Comf, Comf, Econ
read settings; number of rooms=8
last_observation= 2019-02-04 08:02, -1, niebo niewidoczne: bez opadw,  , 20.0, 24.0, 20.5, 20.0, 20.5, 21.5, 22.0, 17.5,  , 18.5, 19.5, 18.5, 18.5, 18.5, 18.5, 18.5, 15.5,  , True, True, True, True, True, True, True, True,  , Comf, Comf, Auto, Comf, Auto, Comf, Comf, Econ
read settings; number of rooms=8
last_observation= 2019-02-04 08:07, -1, niebo niewidoczne: bez opadw,  , 20.0, 24.0, 20.5, 20.0, 20.5, 21.5, 22.0, 17.5,  , 18.5, 19.5, 18.5, 18.5, 18.5, 18.5, 18.5, 15.5,  , True, True, True, True, True, True, True, True,  , Comf, Comf, Auto, Comf, Auto, Comf, Comf, Econ
read settings; number of rooms=8
last_observation= 2019-02-04 08:12, -1, niebo niewidoczne: bez opadw,  , 20.0, 24.0, 20.5, 20.0, 20.0, 21.5, 22.0, 17.5,  , 18.5, 19.5, 18.5, 18.5, 18.5, 18.5, 18.5, 15.5,  , True, True, True, True, True, True, True, True,  , Comf, Comf, Auto, Comf, Auto, Comf, Comf, Econ
read settings; number of rooms=8
last_observation= 2019-02-04 08:17, -1, niebo niewidoczne: bez opadw,  , 20.0, 24.0, 20.5, 20.0, 20.0, 21.5, 22.0, 17.5,  , 18.5, 19.5, 18.5, 18.5, 18.5, 18.5, 18.5, 15.5,  , True, True, True, True, True, True, True, True,  , Comf, Comf, Auto, Comf, Auto, Comf, Comf, Econ
